Loading spacy model...
Loading contextual spell check model for spanish...
Processing file: videos/txt/2020-12/2020-12-25/2020-12-25_2300_US_KMEX_Noticiero_Univisión_Edición_Digital.txt
Correcting spelling and Generating spacy doc...
Writing to vrt file...
Processing file: videos/txt/2020-12/2020-12-25/2020-12-25_0800_ES_24h_TD_Internacional_24H.txt
Correcting spelling and Generating spacy doc...
Writing to vrt file...
Skipping file: videos/txt/2020-12/2020-12-25/2020-12-25_2330_US_KMEX_Noticiero_Univisin.txt.mp4.daedalus_vrt
Processing file: videos/txt/2020-12/2020-12-25/2020-12-25_1700_US_KMEX_Noticiero_Univisión_Edición_Digital.txt
Correcting spelling and Generating spacy doc...
Writing to vrt file...
Skipping file: videos/txt/2020-12/2020-12-25/2020-12-25_0230_ES_24h_Telediario_2a_Edicin.txt.mp4.daedalus_vrt
Skipping file: videos/txt/2020-12/2020-12-25/2020-12-25_2300_US_KMEX_Noticiero_Univisin_Edicin_Digital.txt.mp4.daedalus_vrt
Processing file: videos/txt/2020-12/2020-12-25/2020-12-25_0400_US_KMEX_Noticiero_Univisión.txt
Correcting spelling and Generating spacy doc...
Error processing file: videos/txt/2020-12/2020-12-25/2020-12-25_0400_US_KMEX_Noticiero_Univisión.txt
Skipping file: videos/txt/2020-12/2020-12-25/2020-12-25_0830_ES_24h_TD_Internacional_24H.txt.mp4.daedalus_vrt
Skipping file: videos/txt/2020-12/2020-12-25/2020-12-25_0800_ES_24h_TD_Internacional_24H.txt.mp4.daedalus_vrt
Processing file: videos/txt/2020-12/2020-12-25/2020-12-25_2330_US_KMEX_Noticiero_Univisión.txt
Correcting spelling and Generating spacy doc...
Error processing file: videos/txt/2020-12/2020-12-25/2020-12-25_2330_US_KMEX_Noticiero_Univisión.txt
Processing file: videos/txt/2020-12/2020-12-25/2020-12-25_0230_ES_24h_Telediario_2a_Edición.txt
Correcting spelling and Generating spacy doc...
Error processing file: videos/txt/2020-12/2020-12-25/2020-12-25_0230_ES_24h_Telediario_2a_Edición.txt
Processing file: videos/txt/2020-12/2020-12-25/2020-12-25_0830_ES_24h_TD_Internacional_24H.txt
Correcting spelling and Generating spacy doc...
Error processing file: videos/txt/2020-12/2020-12-25/2020-12-25_0830_ES_24h_TD_Internacional_24H.txt
Skipping file: videos/txt/2020-12/2020-12-25/2020-12-25_0400_US_KMEX_Noticiero_Univisin.txt.mp4.daedalus_vrt
Skipping file: videos/txt/2020-12/2020-12-25/2020-12-25_1700_US_KMEX_Noticiero_Univisin_Edicin_Digital.txt.mp4.daedalus_vrt
Processing file: videos/txt/2020-12/2020-12-05/2020-12-05_0300_ES_24h_Telediario_2a_Edición.txt
Correcting spelling and Generating spacy doc...
Error processing file: videos/txt/2020-12/2020-12-05/2020-12-05_0300_ES_24h_Telediario_2a_Edición.txt
Processing file: videos/txt/2020-12/2020-12-05/2020-12-05_1900_ES_24h_Noticias_24h.txt
Correcting spelling and Generating spacy doc...
Error processing file: videos/txt/2020-12/2020-12-05/2020-12-05_1900_ES_24h_Noticias_24h.txt
Skipping file: videos/txt/2020-12/2020-12-05/2020-12-05_1900_ES_24h_Noticias_24h.txt.mp4.daedalus_vrt
Skipping file: videos/txt/2020-12/2020-12-05/2020-12-05_0400_US_KMEX_Noticiero_Univisin.txt.mp4.daedalus_vrt
Skipping file: videos/txt/2020-12/2020-12-05/2020-12-05_0830_ES_24h_TD_Internacional_24H.txt.mp4.daedalus_vrt
Processing file: videos/txt/2020-12/2020-12-05/2020-12-05_2330_US_KMEX_Noticiero_Univisión_Fin_de_Semana.txt
Correcting spelling and Generating spacy doc...
Error processing file: videos/txt/2020-12/2020-12-05/2020-12-05_2330_US_KMEX_Noticiero_Univisión_Fin_de_Semana.txt
Processing file: videos/txt/2020-12/2020-12-05/2020-12-05_0800_ES_24h_TD_Internacional_24H.txt
Correcting spelling and Generating spacy doc...
Error processing file: videos/txt/2020-12/2020-12-05/2020-12-05_0800_ES_24h_TD_Internacional_24H.txt
Processing file: videos/txt/2020-12/2020-12-05/2020-12-05_0830_ES_24h_TD_Internacional_24H.txt
Correcting spelling and Generating spacy doc...
Error processing file: videos/txt/2020-12/2020-12-05/2020-12-05_0830_ES_24h_TD_Internacional_24H.txt
Skipping file: videos/txt/2020-12/2020-12-05/2020-12-05_2330_US_KMEX_Noticiero_Univisin_Fin_de_Semana.txt.mp4.daedalus_vrt
Skipping file: videos/txt/2020-12/2020-12-05/2020-12-05_0300_ES_24h_Telediario_2a_Edicin.txt.mp4.daedalus_vrt
Processing file: videos/txt/2020-12/2020-12-05/2020-12-05_0400_US_KMEX_Noticiero_Univisión.txt
Correcting spelling and Generating spacy doc...
Error processing file: videos/txt/2020-12/2020-12-05/2020-12-05_0400_US_KMEX_Noticiero_Univisión.txt
Skipping file: videos/txt/2020-12/2020-12-05/2020-12-05_0800_ES_24h_TD_Internacional_24H.txt.mp4.daedalus_vrt
Skipping file: videos/txt/2020-12/2020-12-30/2020-12-30_2330_US_KMEX_Noticiero_Univisin.txt.mp4.daedalus_vrt
Processing file: videos/txt/2020-12/2020-12-30/2020-12-30_2300_US_KMEX_Noticiero_Univisión_Edición_Digital.txt
Correcting spelling and Generating spacy doc...
Error processing file: videos/txt/2020-12/2020-12-30/2020-12-30_2300_US_KMEX_Noticiero_Univisión_Edición_Digital.txt
Skipping file: videos/txt/2020-12/2020-12-30/2020-12-30_0830_ES_24h_TD_Internacional_24H.txt.mp4.daedalus_vrt
Skipping file: videos/txt/2020-12/2020-12-30/2020-12-30_0800_ES_24h_TD_Internacional_24H.txt.mp4.daedalus_vrt
Skipping file: videos/txt/2020-12/2020-12-30/2020-12-30_2300_US_KMEX_Noticiero_Univisin_Edicin_Digital.txt.mp4.daedalus_vrt
Processing file: videos/txt/2020-12/2020-12-30/2020-12-30_1700_US_KMEX_Noticiero_Univisión_Edición_Digital.txt
Correcting spelling and Generating spacy doc...
Error processing file: videos/txt/2020-12/2020-12-30/2020-12-30_1700_US_KMEX_Noticiero_Univisión_Edición_Digital.txt
Processing file: videos/txt/2020-12/2020-12-30/2020-12-30_0800_ES_24h_TD_Internacional_24H.txt
Correcting spelling and Generating spacy doc...
Error processing file: videos/txt/2020-12/2020-12-30/2020-12-30_0800_ES_24h_TD_Internacional_24H.txt
Skipping file: videos/txt/2020-12/2020-12-30/2020-12-30_0400_US_KMEX_Noticiero_Univisin.txt.mp4.daedalus_vrt
Processing file: videos/txt/2020-12/2020-12-30/2020-12-30_0300_ES_24h_Telediario_2a_Edición.txt
Correcting spelling and Generating spacy doc...
Error processing file: videos/txt/2020-12/2020-12-30/2020-12-30_0300_ES_24h_Telediario_2a_Edición.txt
Processing file: videos/txt/2020-12/2020-12-30/2020-12-30_0400_US_KMEX_Noticiero_Univisión.txt
Correcting spelling and Generating spacy doc...
Error processing file: videos/txt/2020-12/2020-12-30/2020-12-30_0400_US_KMEX_Noticiero_Univisión.txt
Processing file: videos/txt/2020-12/2020-12-30/2020-12-30_2330_US_KMEX_Noticiero_Univisión.txt
Correcting spelling and Generating spacy doc...
Error processing file: videos/txt/2020-12/2020-12-30/2020-12-30_2330_US_KMEX_Noticiero_Univisión.txt
Processing file: videos/txt/2020-12/2020-12-30/2020-12-30_0830_ES_24h_TD_Internacional_24H.txt
Correcting spelling and Generating spacy doc...
Error processing file: videos/txt/2020-12/2020-12-30/2020-12-30_0830_ES_24h_TD_Internacional_24H.txt
Skipping file: videos/txt/2020-12/2020-12-30/2020-12-30_0300_ES_24h_Telediario_2a_Edicin.txt.mp4.daedalus_vrt
Skipping file: videos/txt/2020-12/2020-12-30/2020-12-30_1700_US_KMEX_Noticiero_Univisin_Edicin_Digital.txt.mp4.daedalus_vrt
Processing file: videos/txt/2020-12/2020-12-13/2020-12-13_2330_US_KMEX_Noticiero_Univisión_Fin_de_Semana.txt
Correcting spelling and Generating spacy doc...
Error processing file: videos/txt/2020-12/2020-12-13/2020-12-13_2330_US_KMEX_Noticiero_Univisión_Fin_de_Semana.txt
Skipping file: videos/txt/2020-12/2020-12-13/2020-12-13_0830_ES_24h_TD_Internacional_24H.txt.mp4.daedalus_vrt
Skipping file: videos/txt/2020-12/2020-12-13/2020-12-13_2330_US_KMEX_Noticiero_Univisin_Fin_de_Semana.txt.mp4.daedalus_vrt
Processing file: videos/txt/2020-12/2020-12-13/2020-12-13_1600_US_KMEX_Aquí_y_ahora.txt
Correcting spelling and Generating spacy doc...
Error processing file: videos/txt/2020-12/2020-12-13/2020-12-13_1600_US_KMEX_Aquí_y_ahora.txt
Skipping file: videos/txt/2020-12/2020-12-13/2020-12-13_1600_US_KMEX_Aqu_y_ahora.txt.mp4.daedalus_vrt
Processing file: videos/txt/2020-12/2020-12-13/2020-12-13_0830_ES_24h_TD_Internacional_24H.txt
Correcting spelling and Generating spacy doc...
Error processing file: videos/txt/2020-12/2020-12-13/2020-12-13_0830_ES_24h_TD_Internacional_24H.txt
Skipping file: videos/txt/2020-12/2020-12-11/2020-12-11_2330_US_KMEX_Noticiero_Univisin.txt.mp4.daedalus_vrt
Processing file: videos/txt/2020-12/2020-12-11/2020-12-11_2300_US_KMEX_Noticiero_Univisión_Edición_Digital.txt
Correcting spelling and Generating spacy doc...
Error processing file: videos/txt/2020-12/2020-12-11/2020-12-11_2300_US_KMEX_Noticiero_Univisión_Edición_Digital.txt
Processing file: videos/txt/2020-12/2020-12-11/2020-12-11_0405_ES_24h_La_noche_en_24_horas.txt
Correcting spelling and Generating spacy doc...
Error processing file: videos/txt/2020-12/2020-12-11/2020-12-11_0405_ES_24h_La_noche_en_24_horas.txt
Skipping file: videos/txt/2020-12/2020-12-11/2020-12-11_0405_ES_24h_La_noche_en_24_horas.txt.mp4.daedalus_vrt
Skipping file: videos/txt/2020-12/2020-12-11/2020-12-11_0300_ES_La-1_Telediario_2.txt.mp4.daedalus_vrt
Skipping file: videos/txt/2020-12/2020-12-11/2020-12-11_0352_ES_La-1_El_tiempo.txt.mp4.daedalus_vrt
Skipping file: videos/txt/2020-12/2020-12-11/2020-12-11_0400_US_KMEX_Noticiero_Univisin.txt.mp4.daedalus_vrt
Processing file: videos/txt/2020-12/2020-12-11/2020-12-11_1700_US_KMEX_Noticiero_Univisión_Edición_Digital.txt
Correcting spelling and Generating spacy doc...
Error processing file: videos/txt/2020-12/2020-12-11/2020-12-11_1700_US_KMEX_Noticiero_Univisión_Edición_Digital.txt
Skipping file: videos/txt/2020-12/2020-12-11/2020-12-11_2300_US_KMEX_Noticiero_Univisin_Edicin_Digital.txt.mp4.daedalus_vrt
Processing file: videos/txt/2020-12/2020-12-11/2020-12-11_0300_ES_La-1_Telediario_2.txt
Correcting spelling and Generating spacy doc...
Error processing file: videos/txt/2020-12/2020-12-11/2020-12-11_0300_ES_La-1_Telediario_2.txt
Processing file: videos/txt/2020-12/2020-12-11/2020-12-11_0352_ES_La-1_El_tiempo.txt
Correcting spelling and Generating spacy doc...
Error processing file: videos/txt/2020-12/2020-12-11/2020-12-11_0352_ES_La-1_El_tiempo.txt
Skipping file: videos/txt/2020-12/2020-12-11/2020-12-11_1700_US_KMEX_Noticiero_Univisin_Edicin_Digital.txt.mp4.daedalus_vrt
Processing file: videos/txt/2020-12/2020-12-11/2020-12-11_2330_US_KMEX_Noticiero_Univisión.txt
Correcting spelling and Generating spacy doc...
Error processing file: videos/txt/2020-12/2020-12-11/2020-12-11_2330_US_KMEX_Noticiero_Univisión.txt
Processing file: videos/txt/2020-12/2020-12-11/2020-12-11_0300_ES_24h_Telediario_2a_Edición.txt
Correcting spelling and Generating spacy doc...
Error processing file: videos/txt/2020-12/2020-12-11/2020-12-11_0300_ES_24h_Telediario_2a_Edición.txt
Processing file: videos/txt/2020-12/2020-12-11/2020-12-11_0400_US_KMEX_Noticiero_Univisión.txt
Correcting spelling and Generating spacy doc...
Error processing file: videos/txt/2020-12/2020-12-11/2020-12-11_0400_US_KMEX_Noticiero_Univisión.txt
Skipping file: videos/txt/2020-12/2020-12-11/2020-12-11_0300_ES_24h_Telediario_2a_Edicin.txt.mp4.daedalus_vrt
Processing file: videos/txt/2020-12/2020-12-21/2020-12-21_1700_US_KMEX_Noticiero_Univisión_Edición_Digital.txt
Correcting spelling and Generating spacy doc...
Error processing file: videos/txt/2020-12/2020-12-21/2020-12-21_1700_US_KMEX_Noticiero_Univisión_Edición_Digital.txt
Processing file: videos/txt/2020-12/2020-12-21/2020-12-21_0320_ES_La-1_El_tiempo.txt
Correcting spelling and Generating spacy doc...
Error processing file: videos/txt/2020-12/2020-12-21/2020-12-21_0320_ES_La-1_El_tiempo.txt
Skipping file: videos/txt/2020-12/2020-12-21/2020-12-21_2300_US_KMEX_Noticiero_Univisin_Edicin_Digital.txt.mp4.daedalus_vrt
Processing file: videos/txt/2020-12/2020-12-21/2020-12-21_0300_ES_24h_Telediario_2a_Edición.txt
Correcting spelling and Generating spacy doc...
Error processing file: videos/txt/2020-12/2020-12-21/2020-12-21_0300_ES_24h_Telediario_2a_Edición.txt
Skipping file: videos/txt/2020-12/2020-12-21/2020-12-21_0000_US_KMEX_Aqu_y_ahora.txt.mp4.daedalus_vrt
Skipping file: videos/txt/2020-12/2020-12-21/2020-12-21_1030_US_KMEX_Noticiero_Univisin_Fin_de_Semana.txt.mp4.daedalus_vrt
Processing file: videos/txt/2020-12/2020-12-21/2020-12-21_2300_US_KMEX_Noticiero_Univisión_Edición_Digital.txt
Correcting spelling and Generating spacy doc...
Error processing file: videos/txt/2020-12/2020-12-21/2020-12-21_2300_US_KMEX_Noticiero_Univisión_Edición_Digital.txt
Processing file: videos/txt/2020-12/2020-12-21/2020-12-21_1030_US_KMEX_Noticiero_Univisión_Fin_de_Semana.txt
Correcting spelling and Generating spacy doc...
Error processing file: videos/txt/2020-12/2020-12-21/2020-12-21_1030_US_KMEX_Noticiero_Univisión_Fin_de_Semana.txt
Skipping file: videos/txt/2020-12/2020-12-21/2020-12-21_0300_ES_24h_Telediario_2a_Edicin.txt.mp4.daedalus_vrt
Processing file: videos/txt/2020-12/2020-12-21/2020-12-21_0000_US_KMEX_Aquí_y_ahora.txt
Correcting spelling and Generating spacy doc...
Error processing file: videos/txt/2020-12/2020-12-21/2020-12-21_0000_US_KMEX_Aquí_y_ahora.txt
Skipping file: videos/txt/2020-12/2020-12-21/2020-12-21_2330_US_KMEX_Noticiero_Univisin.txt.mp4.daedalus_vrt
Skipping file: videos/txt/2020-12/2020-12-21/2020-12-21_0320_ES_La-1_El_tiempo.txt.mp4.daedalus_vrt
Skipping file: videos/txt/2020-12/2020-12-21/2020-12-21_0430_US_KMEX_Noticiero_Univisin_Fin_de_Semana.txt.mp4.daedalus_vrt
Processing file: videos/txt/2020-12/2020-12-21/2020-12-21_2330_US_KMEX_Noticiero_Univisión.txt
Correcting spelling and Generating spacy doc...
Error processing file: videos/txt/2020-12/2020-12-21/2020-12-21_2330_US_KMEX_Noticiero_Univisión.txt
Skipping file: videos/txt/2020-12/2020-12-21/2020-12-21_1700_US_KMEX_Noticiero_Univisin_Edicin_Digital.txt.mp4.daedalus_vrt
Processing file: videos/txt/2020-12/2020-12-21/2020-12-21_0430_US_KMEX_Noticiero_Univisión_Fin_de_Semana.txt
Correcting spelling and Generating spacy doc...
Error processing file: videos/txt/2020-12/2020-12-21/2020-12-21_0430_US_KMEX_Noticiero_Univisión_Fin_de_Semana.txt
Skipping file: videos/txt/2020-12/2020-12-15/2020-12-15_1700_US_KMEX_Noticiero_Univisin_Edicin_Digital.txt.mp4.daedalus_vrt
Processing file: videos/txt/2020-12/2020-12-15/2020-12-15_2330_US_KMEX_Noticiero_Univisión.txt
Correcting spelling and Generating spacy doc...
Error processing file: videos/txt/2020-12/2020-12-15/2020-12-15_2330_US_KMEX_Noticiero_Univisión.txt
Skipping file: videos/txt/2020-12/2020-12-15/2020-12-15_2330_US_KMEX_Noticiero_Univisin.txt.mp4.daedalus_vrt
Processing file: videos/txt/2020-12/2020-12-15/2020-12-15_1700_US_KMEX_Noticiero_Univisión_Edición_Digital.txt
Correcting spelling and Generating spacy doc...
Error processing file: videos/txt/2020-12/2020-12-15/2020-12-15_1700_US_KMEX_Noticiero_Univisión_Edición_Digital.txt
Processing file: videos/txt/2020-12/2020-12-15/2020-12-15_2300_US_KMEX_Noticiero_Univisión_Edición_Digital.txt
Correcting spelling and Generating spacy doc...
Error processing file: videos/txt/2020-12/2020-12-15/2020-12-15_2300_US_KMEX_Noticiero_Univisión_Edición_Digital.txt
Processing file: videos/txt/2020-12/2020-12-15/2020-12-15_0400_US_KMEX_Noticiero_Univisión.txt
Correcting spelling and Generating spacy doc...
Error processing file: videos/txt/2020-12/2020-12-15/2020-12-15_0400_US_KMEX_Noticiero_Univisión.txt
Skipping file: videos/txt/2020-12/2020-12-15/2020-12-15_0400_US_KMEX_Noticiero_Univisin.txt.mp4.daedalus_vrt
Processing file: videos/txt/2020-12/2020-12-15/2020-12-15_0300_ES_24h_Telediario_2a_Edición.txt
Correcting spelling and Generating spacy doc...
Error processing file: videos/txt/2020-12/2020-12-15/2020-12-15_0300_ES_24h_Telediario_2a_Edición.txt
Skipping file: videos/txt/2020-12/2020-12-15/2020-12-15_0405_ES_24h_La_noche_en_24_horas.txt.mp4.daedalus_vrt
Skipping file: videos/txt/2020-12/2020-12-15/2020-12-15_2300_US_KMEX_Noticiero_Univisin_Edicin_Digital.txt.mp4.daedalus_vrt
Processing file: videos/txt/2020-12/2020-12-15/2020-12-15_0405_ES_24h_La_noche_en_24_horas.txt
Correcting spelling and Generating spacy doc...
Error processing file: videos/txt/2020-12/2020-12-15/2020-12-15_0405_ES_24h_La_noche_en_24_horas.txt
Skipping file: videos/txt/2020-12/2020-12-15/2020-12-15_0300_ES_24h_Telediario_2a_Edicin.txt.mp4.daedalus_vrt
Processing file: videos/txt/2020-12/2020-12-07/2020-12-07_0300_ES_24h_Telediario_2a_Edición.txt
Correcting spelling and Generating spacy doc...
Error processing file: videos/txt/2020-12/2020-12-07/2020-12-07_0300_ES_24h_Telediario_2a_Edición.txt
Skipping file: videos/txt/2020-12/2020-12-07/2020-12-07_0430_US_KMEX_Noticiero_Univisin_Fin_de_Semana.txt.mp4.daedalus_vrt
Skipping file: videos/txt/2020-12/2020-12-07/2020-12-07_0830_ES_24h_TD_Internacional_24H.txt.mp4.daedalus_vrt
Skipping file: videos/txt/2020-12/2020-12-07/2020-12-07_0800_ES_24h_TD_Internacional_24H.txt.mp4.daedalus_vrt
Skipping file: videos/txt/2020-12/2020-12-07/2020-12-07_0300_US_KMEX_Aqu_y_ahora.txt.mp4.daedalus_vrt
Skipping file: videos/txt/2020-12/2020-12-07/2020-12-07_1700_US_KMEX_Noticiero_Univisin_Edicin_Digital.txt.mp4.daedalus_vrt
Processing file: videos/txt/2020-12/2020-12-07/2020-12-07_0800_ES_24h_TD_Internacional_24H.txt
Correcting spelling and Generating spacy doc...
Error processing file: videos/txt/2020-12/2020-12-07/2020-12-07_0800_ES_24h_TD_Internacional_24H.txt
Processing file: videos/txt/2020-12/2020-12-07/2020-12-07_1700_US_KMEX_Noticiero_Univisión_Edición_Digital.txt
Correcting spelling and Generating spacy doc...
Error processing file: videos/txt/2020-12/2020-12-07/2020-12-07_1700_US_KMEX_Noticiero_Univisión_Edición_Digital.txt
Processing file: videos/txt/2020-12/2020-12-07/2020-12-07_0430_US_KMEX_Noticiero_Univisión_Fin_de_Semana.txt
Correcting spelling and Generating spacy doc...
Error processing file: videos/txt/2020-12/2020-12-07/2020-12-07_0430_US_KMEX_Noticiero_Univisión_Fin_de_Semana.txt
Skipping file: videos/txt/2020-12/2020-12-07/2020-12-07_0300_ES_24h_Telediario_2a_Edicin.txt.mp4.daedalus_vrt
Skipping file: videos/txt/2020-12/2020-12-07/2020-12-07_0325_ES_La-1_El_tiempo.txt.mp4.daedalus_vrt
Skipping file: videos/txt/2020-12/2020-12-07/2020-12-07_1030_US_KMEX_Noticiero_Univisin_Fin_de_Semana.txt.mp4.daedalus_vrt
Skipping file: videos/txt/2020-12/2020-12-07/2020-12-07_2330_US_KMEX_Noticiero_Univisin.txt.mp4.daedalus_vrt
Processing file: videos/txt/2020-12/2020-12-07/2020-12-07_0830_ES_24h_TD_Internacional_24H.txt
Correcting spelling and Generating spacy doc...
Error processing file: videos/txt/2020-12/2020-12-07/2020-12-07_0830_ES_24h_TD_Internacional_24H.txt
Processing file: videos/txt/2020-12/2020-12-07/2020-12-07_2330_US_KMEX_Noticiero_Univisión.txt
Correcting spelling and Generating spacy doc...
Error processing file: videos/txt/2020-12/2020-12-07/2020-12-07_2330_US_KMEX_Noticiero_Univisión.txt
Processing file: videos/txt/2020-12/2020-12-07/2020-12-07_0300_US_KMEX_Aquí_y_ahora.txt
Correcting spelling and Generating spacy doc...
Error processing file: videos/txt/2020-12/2020-12-07/2020-12-07_0300_US_KMEX_Aquí_y_ahora.txt
Processing file: videos/txt/2020-12/2020-12-07/2020-12-07_0325_ES_La-1_El_tiempo.txt
Correcting spelling and Generating spacy doc...
Error processing file: videos/txt/2020-12/2020-12-07/2020-12-07_0325_ES_La-1_El_tiempo.txt
Processing file: videos/txt/2020-12/2020-12-07/2020-12-07_1030_US_KMEX_Noticiero_Univisión_Fin_de_Semana.txt
Correcting spelling and Generating spacy doc...
Error processing file: videos/txt/2020-12/2020-12-07/2020-12-07_1030_US_KMEX_Noticiero_Univisión_Fin_de_Semana.txt
Processing file: videos/txt/2020-12/2020-12-07/2020-12-07_2300_US_KMEX_Noticiero_Univisión_Edición_Digital.txt
Correcting spelling and Generating spacy doc...
Error processing file: videos/txt/2020-12/2020-12-07/2020-12-07_2300_US_KMEX_Noticiero_Univisión_Edición_Digital.txt
Skipping file: videos/txt/2020-12/2020-12-07/2020-12-07_2300_US_KMEX_Noticiero_Univisin_Edicin_Digital.txt.mp4.daedalus_vrt
Processing file: videos/txt/2020-12/2020-12-04/2020-12-04_0300_ES_24h_Telediario_2a_Edición.txt
Correcting spelling and Generating spacy doc...
Error processing file: videos/txt/2020-12/2020-12-04/2020-12-04_0300_ES_24h_Telediario_2a_Edición.txt
Skipping file: videos/txt/2020-12/2020-12-04/2020-12-04_2300_US_KMEX_Noticiero_Univisin_Edicin_Digital.txt.mp4.daedalus_vrt
Skipping file: videos/txt/2020-12/2020-12-04/2020-12-04_0405_ES_24h_La_noche_en_24_horas.txt.mp4.daedalus_vrt
Processing file: videos/txt/2020-12/2020-12-04/2020-12-04_0400_US_KMEX_Noticiero_Univisión.txt
Correcting spelling and Generating spacy doc...
Error processing file: videos/txt/2020-12/2020-12-04/2020-12-04_0400_US_KMEX_Noticiero_Univisión.txt
Skipping file: videos/txt/2020-12/2020-12-04/2020-12-04_2330_US_KMEX_Noticiero_Univisin.txt.mp4.daedalus_vrt
Processing file: videos/txt/2020-12/2020-12-04/2020-12-04_2300_US_KMEX_Noticiero_Univisión_Edición_Digital.txt
Correcting spelling and Generating spacy doc...
Error processing file: videos/txt/2020-12/2020-12-04/2020-12-04_2300_US_KMEX_Noticiero_Univisión_Edición_Digital.txt
Skipping file: videos/txt/2020-12/2020-12-04/2020-12-04_0300_ES_24h_Telediario_2a_Edicin.txt.mp4.daedalus_vrt
Processing file: videos/txt/2020-12/2020-12-04/2020-12-04_0405_ES_24h_La_noche_en_24_horas.txt
Correcting spelling and Generating spacy doc...
Error processing file: videos/txt/2020-12/2020-12-04/2020-12-04_0405_ES_24h_La_noche_en_24_horas.txt
Skipping file: videos/txt/2020-12/2020-12-04/2020-12-04_1700_US_KMEX_Noticiero_Univisin_Edicin_Digital.txt.mp4.daedalus_vrt
Skipping file: videos/txt/2020-12/2020-12-04/2020-12-04_0400_US_KMEX_Noticiero_Univisin.txt.mp4.daedalus_vrt
Processing file: videos/txt/2020-12/2020-12-04/2020-12-04_1700_US_KMEX_Noticiero_Univisión_Edición_Digital.txt
Correcting spelling and Generating spacy doc...
Error processing file: videos/txt/2020-12/2020-12-04/2020-12-04_1700_US_KMEX_Noticiero_Univisión_Edición_Digital.txt
Processing file: videos/txt/2020-12/2020-12-04/2020-12-04_2330_US_KMEX_Noticiero_Univisión.txt
Correcting spelling and Generating spacy doc...
Error processing file: videos/txt/2020-12/2020-12-04/2020-12-04_2330_US_KMEX_Noticiero_Univisión.txt
Processing file: videos/txt/2020-12/2020-12-19/2020-12-19_2330_US_KMEX_Noticiero_Univisión_Fin_de_Semana.txt
Correcting spelling and Generating spacy doc...
Error processing file: videos/txt/2020-12/2020-12-19/2020-12-19_2330_US_KMEX_Noticiero_Univisión_Fin_de_Semana.txt
Skipping file: videos/txt/2020-12/2020-12-19/2020-12-19_0300_ES_La-1_Telediario_2.txt.mp4.daedalus_vrt
Skipping file: videos/txt/2020-12/2020-12-19/2020-12-19_2215_ES_La-1_El_tiempo.txt.mp4.daedalus_vrt
Processing file: videos/txt/2020-12/2020-12-19/2020-12-19_0830_ES_24h_TD_Internacional_24H.txt
Correcting spelling and Generating spacy doc...
Error processing file: videos/txt/2020-12/2020-12-19/2020-12-19_0830_ES_24h_TD_Internacional_24H.txt
Processing file: videos/txt/2020-12/2020-12-19/2020-12-19_1900_ES_24h_Noticias_24h.txt
Correcting spelling and Generating spacy doc...
Error processing file: videos/txt/2020-12/2020-12-19/2020-12-19_1900_ES_24h_Noticias_24h.txt
Skipping file: videos/txt/2020-12/2020-12-19/2020-12-19_0400_US_KMEX_Noticiero_Univisin.txt.mp4.daedalus_vrt
Processing file: videos/txt/2020-12/2020-12-19/2020-12-19_0300_ES_24h_Telediario_2a_Edición.txt
Correcting spelling and Generating spacy doc...
Error processing file: videos/txt/2020-12/2020-12-19/2020-12-19_0300_ES_24h_Telediario_2a_Edición.txt
Processing file: videos/txt/2020-12/2020-12-19/2020-12-19_0400_US_KMEX_Noticiero_Univisión.txt
Correcting spelling and Generating spacy doc...
Error processing file: videos/txt/2020-12/2020-12-19/2020-12-19_0400_US_KMEX_Noticiero_Univisión.txt
Processing file: videos/txt/2020-12/2020-12-19/2020-12-19_2215_ES_La-1_El_tiempo.txt
Correcting spelling and Generating spacy doc...
Error processing file: videos/txt/2020-12/2020-12-19/2020-12-19_2215_ES_La-1_El_tiempo.txt
Skipping file: videos/txt/2020-12/2020-12-19/2020-12-19_0800_ES_24h_TD_Internacional_24H.txt.mp4.daedalus_vrt
Processing file: videos/txt/2020-12/2020-12-19/2020-12-19_2100_ES_La-1_Telediario_1.txt
Correcting spelling and Generating spacy doc...
Error processing file: videos/txt/2020-12/2020-12-19/2020-12-19_2100_ES_La-1_Telediario_1.txt
Skipping file: videos/txt/2020-12/2020-12-19/2020-12-19_2100_ES_La-1_Telediario_1.txt.mp4.daedalus_vrt
Skipping file: videos/txt/2020-12/2020-12-19/2020-12-19_0300_ES_24h_Telediario_2a_Edicin.txt.mp4.daedalus_vrt
Skipping file: videos/txt/2020-12/2020-12-19/2020-12-19_0830_ES_24h_TD_Internacional_24H.txt.mp4.daedalus_vrt
Processing file: videos/txt/2020-12/2020-12-19/2020-12-19_0800_ES_24h_TD_Internacional_24H.txt
Correcting spelling and Generating spacy doc...
Error processing file: videos/txt/2020-12/2020-12-19/2020-12-19_0800_ES_24h_TD_Internacional_24H.txt
Processing file: videos/txt/2020-12/2020-12-19/2020-12-19_0352_ES_La-1_El_tiempo.txt
Correcting spelling and Generating spacy doc...
Error processing file: videos/txt/2020-12/2020-12-19/2020-12-19_0352_ES_La-1_El_tiempo.txt
Processing file: videos/txt/2020-12/2020-12-19/2020-12-19_0300_ES_La-1_Telediario_2.txt
Correcting spelling and Generating spacy doc...
Error processing file: videos/txt/2020-12/2020-12-19/2020-12-19_0300_ES_La-1_Telediario_2.txt
Skipping file: videos/txt/2020-12/2020-12-19/2020-12-19_2330_US_KMEX_Noticiero_Univisin_Fin_de_Semana.txt.mp4.daedalus_vrt
Skipping file: videos/txt/2020-12/2020-12-19/2020-12-19_1900_ES_24h_Noticias_24h.txt.mp4.daedalus_vrt
Skipping file: videos/txt/2020-12/2020-12-19/2020-12-19_0352_ES_La-1_El_tiempo.txt.mp4.daedalus_vrt
Skipping file: videos/txt/2020-12/2020-12-17/2020-12-17_0300_ES_24h_Telediario_2a_Edicin.txt.mp4.daedalus_vrt
Skipping file: videos/txt/2020-12/2020-12-17/2020-12-17_2300_US_KMEX_Noticiero_Univisin_Edicin_Digital.txt.mp4.daedalus_vrt
Skipping file: videos/txt/2020-12/2020-12-17/2020-12-17_0400_US_KMEX_Noticiero_Univisin.txt.mp4.daedalus_vrt
Processing file: videos/txt/2020-12/2020-12-17/2020-12-17_0400_US_KMEX_Noticiero_Univisión.txt
Correcting spelling and Generating spacy doc...
Error processing file: videos/txt/2020-12/2020-12-17/2020-12-17_0400_US_KMEX_Noticiero_Univisión.txt
Processing file: videos/txt/2020-12/2020-12-17/2020-12-17_2330_US_KMEX_Noticiero_Univisión.txt
Correcting spelling and Generating spacy doc...
Error processing file: videos/txt/2020-12/2020-12-17/2020-12-17_2330_US_KMEX_Noticiero_Univisión.txt
Processing file: videos/txt/2020-12/2020-12-17/2020-12-17_0405_ES_24h_La_noche_en_24_horas.txt
Correcting spelling and Generating spacy doc...
Error processing file: videos/txt/2020-12/2020-12-17/2020-12-17_0405_ES_24h_La_noche_en_24_horas.txt
Processing file: videos/txt/2020-12/2020-12-17/2020-12-17_0300_ES_24h_Telediario_2a_Edición.txt
Correcting spelling and Generating spacy doc...
Error processing file: videos/txt/2020-12/2020-12-17/2020-12-17_0300_ES_24h_Telediario_2a_Edición.txt
Processing file: videos/txt/2020-12/2020-12-17/2020-12-17_1700_US_KMEX_Noticiero_Univisión_Edición_Digital.txt
Correcting spelling and Generating spacy doc...
Error processing file: videos/txt/2020-12/2020-12-17/2020-12-17_1700_US_KMEX_Noticiero_Univisión_Edición_Digital.txt
Skipping file: videos/txt/2020-12/2020-12-17/2020-12-17_1700_US_KMEX_Noticiero_Univisin_Edicin_Digital.txt.mp4.daedalus_vrt
Processing file: videos/txt/2020-12/2020-12-17/2020-12-17_2300_US_KMEX_Noticiero_Univisión_Edición_Digital.txt
Correcting spelling and Generating spacy doc...
Error processing file: videos/txt/2020-12/2020-12-17/2020-12-17_2300_US_KMEX_Noticiero_Univisión_Edición_Digital.txt
Skipping file: videos/txt/2020-12/2020-12-17/2020-12-17_2330_US_KMEX_Noticiero_Univisin.txt.mp4.daedalus_vrt
Skipping file: videos/txt/2020-12/2020-12-17/2020-12-17_0405_ES_24h_La_noche_en_24_horas.txt.mp4.daedalus_vrt
Processing file: videos/txt/2020-12/2020-12-09/2020-12-09_0300_ES_24h_Telediario_2a_Edición.txt
Correcting spelling and Generating spacy doc...
Error processing file: videos/txt/2020-12/2020-12-09/2020-12-09_0300_ES_24h_Telediario_2a_Edición.txt
Processing file: videos/txt/2020-12/2020-12-09/2020-12-09_0400_US_KMEX_Noticiero_Univisión.txt
Correcting spelling and Generating spacy doc...
Error processing file: videos/txt/2020-12/2020-12-09/2020-12-09_0400_US_KMEX_Noticiero_Univisión.txt
Skipping file: videos/txt/2020-12/2020-12-09/2020-12-09_1700_US_KMEX_Noticiero_Univisin_Edicin_Digital.txt.mp4.daedalus_vrt
Processing file: videos/txt/2020-12/2020-12-09/2020-12-09_2152_ES_La-1_El_tiempo.txt
Correcting spelling and Generating spacy doc...
Error processing file: videos/txt/2020-12/2020-12-09/2020-12-09_2152_ES_La-1_El_tiempo.txt
Skipping file: videos/txt/2020-12/2020-12-09/2020-12-09_0400_US_KMEX_Noticiero_Univisin.txt.mp4.daedalus_vrt
Skipping file: videos/txt/2020-12/2020-12-09/2020-12-09_2152_ES_La-1_El_tiempo.txt.mp4.daedalus_vrt
Processing file: videos/txt/2020-12/2020-12-09/2020-12-09_1700_US_KMEX_Noticiero_Univisión_Edición_Digital.txt
Correcting spelling and Generating spacy doc...
Error processing file: videos/txt/2020-12/2020-12-09/2020-12-09_1700_US_KMEX_Noticiero_Univisión_Edición_Digital.txt
Skipping file: videos/txt/2020-12/2020-12-09/2020-12-09_2330_US_KMEX_Noticiero_Univisin.txt.mp4.daedalus_vrt
Processing file: videos/txt/2020-12/2020-12-09/2020-12-09_2330_US_KMEX_Noticiero_Univisión.txt
Correcting spelling and Generating spacy doc...
Error processing file: videos/txt/2020-12/2020-12-09/2020-12-09_2330_US_KMEX_Noticiero_Univisión.txt
Processing file: videos/txt/2020-12/2020-12-09/2020-12-09_2300_US_KMEX_Noticiero_Univisión_Edición_Digital.txt
Correcting spelling and Generating spacy doc...
Error processing file: videos/txt/2020-12/2020-12-09/2020-12-09_2300_US_KMEX_Noticiero_Univisión_Edición_Digital.txt
Skipping file: videos/txt/2020-12/2020-12-09/2020-12-09_2300_US_KMEX_Noticiero_Univisin_Edicin_Digital.txt.mp4.daedalus_vrt
Skipping file: videos/txt/2020-12/2020-12-09/2020-12-09_0300_ES_24h_Telediario_2a_Edicin.txt.mp4.daedalus_vrt
Processing file: videos/txt/2020-12/2020-12-09/2020-12-09_2100_ES_La-1_Telediario_1.txt
Correcting spelling and Generating spacy doc...
Error processing file: videos/txt/2020-12/2020-12-09/2020-12-09_2100_ES_La-1_Telediario_1.txt
Skipping file: videos/txt/2020-12/2020-12-09/2020-12-09_2100_ES_La-1_Telediario_1.txt.mp4.daedalus_vrt
Skipping file: videos/txt/2020-12/2020-12-28/2020-12-28_0300_ES_La-1_Telediario_2.txt.mp4.daedalus_vrt
Skipping file: videos/txt/2020-12/2020-12-28/2020-12-28_0800_ES_24h_TD_Internacional_24H.txt.mp4.daedalus_vrt
Skipping file: videos/txt/2020-12/2020-12-28/2020-12-28_2150_ES_La-1_El_tiempo.txt.mp4.daedalus_vrt
Skipping file: videos/txt/2020-12/2020-12-28/2020-12-28_1700_US_KMEX_Noticiero_Univisin_Edicin_Digital.txt.mp4.daedalus_vrt
Processing file: videos/txt/2020-12/2020-12-28/2020-12-28_2300_US_KMEX_Noticiero_Univisión_Edición_Digital.txt
Correcting spelling and Generating spacy doc...
Error processing file: videos/txt/2020-12/2020-12-28/2020-12-28_2300_US_KMEX_Noticiero_Univisión_Edición_Digital.txt
Processing file: videos/txt/2020-12/2020-12-28/2020-12-28_2150_ES_La-1_El_tiempo.txt
Correcting spelling and Generating spacy doc...
Error processing file: videos/txt/2020-12/2020-12-28/2020-12-28_2150_ES_La-1_El_tiempo.txt
Processing file: videos/txt/2020-12/2020-12-28/2020-12-28_0300_ES_24h_Telediario_2a_Edición.txt
Correcting spelling and Generating spacy doc...
Error processing file: videos/txt/2020-12/2020-12-28/2020-12-28_0300_ES_24h_Telediario_2a_Edición.txt
Processing file: videos/txt/2020-12/2020-12-28/2020-12-28_0320_ES_La-1_El_tiempo.txt
Correcting spelling and Generating spacy doc...
Error processing file: videos/txt/2020-12/2020-12-28/2020-12-28_0320_ES_La-1_El_tiempo.txt
Skipping file: videos/txt/2020-12/2020-12-28/2020-12-28_2300_US_KMEX_Noticiero_Univisin_Edicin_Digital.txt.mp4.daedalus_vrt
Processing file: videos/txt/2020-12/2020-12-28/2020-12-28_0800_ES_24h_TD_Internacional_24H.txt
Correcting spelling and Generating spacy doc...
Error processing file: videos/txt/2020-12/2020-12-28/2020-12-28_0800_ES_24h_TD_Internacional_24H.txt
Processing file: videos/txt/2020-12/2020-12-28/2020-12-28_0300_ES_La-1_Telediario_2.txt
Correcting spelling and Generating spacy doc...
Error processing file: videos/txt/2020-12/2020-12-28/2020-12-28_0300_ES_La-1_Telediario_2.txt
Skipping file: videos/txt/2020-12/2020-12-28/2020-12-28_0430_US_KMEX_Noticiero_Univisin_Fin_de_Semana.txt.mp4.daedalus_vrt
Skipping file: videos/txt/2020-12/2020-12-28/2020-12-28_0830_ES_24h_TD_Internacional_24H.txt.mp4.daedalus_vrt
Skipping file: videos/txt/2020-12/2020-12-28/2020-12-28_0320_ES_La-1_El_tiempo.txt.mp4.daedalus_vrt
Skipping file: videos/txt/2020-12/2020-12-28/2020-12-28_0000_US_KMEX_Aqu_y_ahora.txt.mp4.daedalus_vrt
Processing file: videos/txt/2020-12/2020-12-28/2020-12-28_2330_US_KMEX_Noticiero_Univisión.txt
Correcting spelling and Generating spacy doc...
Error processing file: videos/txt/2020-12/2020-12-28/2020-12-28_2330_US_KMEX_Noticiero_Univisión.txt
Processing file: videos/txt/2020-12/2020-12-28/2020-12-28_0430_US_KMEX_Noticiero_Univisión_Fin_de_Semana.txt
Correcting spelling and Generating spacy doc...
Error processing file: videos/txt/2020-12/2020-12-28/2020-12-28_0430_US_KMEX_Noticiero_Univisión_Fin_de_Semana.txt
Processing file: videos/txt/2020-12/2020-12-28/2020-12-28_1700_US_KMEX_Noticiero_Univisión_Edición_Digital.txt
Correcting spelling and Generating spacy doc...
Error processing file: videos/txt/2020-12/2020-12-28/2020-12-28_1700_US_KMEX_Noticiero_Univisión_Edición_Digital.txt
Skipping file: videos/txt/2020-12/2020-12-28/2020-12-28_1030_US_KMEX_Noticiero_Univisin_Fin_de_Semana.txt.mp4.daedalus_vrt
Processing file: videos/txt/2020-12/2020-12-28/2020-12-28_0000_US_KMEX_Aquí_y_ahora.txt
Correcting spelling and Generating spacy doc...
Error processing file: videos/txt/2020-12/2020-12-28/2020-12-28_0000_US_KMEX_Aquí_y_ahora.txt
Skipping file: videos/txt/2020-12/2020-12-28/2020-12-28_2330_US_KMEX_Noticiero_Univisin.txt.mp4.daedalus_vrt
Processing file: videos/txt/2020-12/2020-12-28/2020-12-28_1030_US_KMEX_Noticiero_Univisión_Fin_de_Semana.txt
Correcting spelling and Generating spacy doc...
Error processing file: videos/txt/2020-12/2020-12-28/2020-12-28_1030_US_KMEX_Noticiero_Univisión_Fin_de_Semana.txt
Skipping file: videos/txt/2020-12/2020-12-28/2020-12-28_0300_ES_24h_Telediario_2a_Edicin.txt.mp4.daedalus_vrt
Processing file: videos/txt/2020-12/2020-12-28/2020-12-28_0830_ES_24h_TD_Internacional_24H.txt
Correcting spelling and Generating spacy doc...
Error processing file: videos/txt/2020-12/2020-12-28/2020-12-28_0830_ES_24h_TD_Internacional_24H.txt
Processing file: videos/txt/2020-12/2020-12-24/2020-12-24_0300_ES_24h_Telediario_2a_Edición.txt
Correcting spelling and Generating spacy doc...
Error processing file: videos/txt/2020-12/2020-12-24/2020-12-24_0300_ES_24h_Telediario_2a_Edición.txt
Skipping file: videos/txt/2020-12/2020-12-24/2020-12-24_0400_US_KMEX_Noticiero_Univisin.txt.mp4.daedalus_vrt
Skipping file: videos/txt/2020-12/2020-12-24/2020-12-24_0405_ES_24h_La_noche_en_24_horas.txt.mp4.daedalus_vrt
Processing file: videos/txt/2020-12/2020-12-24/2020-12-24_0800_ES_24h_TD_Internacional_24H.txt
Correcting spelling and Generating spacy doc...
Error processing file: videos/txt/2020-12/2020-12-24/2020-12-24_0800_ES_24h_TD_Internacional_24H.txt
Processing file: videos/txt/2020-12/2020-12-24/2020-12-24_2300_US_KMEX_Noticiero_Univisión_Edición_Digital.txt
Correcting spelling and Generating spacy doc...
Error processing file: videos/txt/2020-12/2020-12-24/2020-12-24_2300_US_KMEX_Noticiero_Univisión_Edición_Digital.txt
Skipping file: videos/txt/2020-12/2020-12-24/2020-12-24_1700_US_KMEX_Noticiero_Univisin_Edicin_Digital.txt.mp4.daedalus_vrt
Processing file: videos/txt/2020-12/2020-12-24/2020-12-24_1700_US_KMEX_Noticiero_Univisión_Edición_Digital.txt
Correcting spelling and Generating spacy doc...
Error processing file: videos/txt/2020-12/2020-12-24/2020-12-24_1700_US_KMEX_Noticiero_Univisión_Edición_Digital.txt
Processing file: videos/txt/2020-12/2020-12-24/2020-12-24_0405_ES_24h_La_noche_en_24_horas.txt
Correcting spelling and Generating spacy doc...
Error processing file: videos/txt/2020-12/2020-12-24/2020-12-24_0405_ES_24h_La_noche_en_24_horas.txt
Skipping file: videos/txt/2020-12/2020-12-24/2020-12-24_0800_ES_24h_TD_Internacional_24H.txt.mp4.daedalus_vrt
Skipping file: videos/txt/2020-12/2020-12-24/2020-12-24_2330_US_KMEX_Noticiero_Univisin.txt.mp4.daedalus_vrt
Skipping file: videos/txt/2020-12/2020-12-24/2020-12-24_0300_ES_24h_Telediario_2a_Edicin.txt.mp4.daedalus_vrt
Skipping file: videos/txt/2020-12/2020-12-24/2020-12-24_0830_ES_24h_TD_Internacional_24H.txt.mp4.daedalus_vrt
Processing file: videos/txt/2020-12/2020-12-24/2020-12-24_0830_ES_24h_TD_Internacional_24H.txt
Correcting spelling and Generating spacy doc...
Error processing file: videos/txt/2020-12/2020-12-24/2020-12-24_0830_ES_24h_TD_Internacional_24H.txt
Processing file: videos/txt/2020-12/2020-12-24/2020-12-24_2330_US_KMEX_Noticiero_Univisión.txt
Correcting spelling and Generating spacy doc...
Error processing file: videos/txt/2020-12/2020-12-24/2020-12-24_2330_US_KMEX_Noticiero_Univisión.txt
Skipping file: videos/txt/2020-12/2020-12-24/2020-12-24_2300_US_KMEX_Noticiero_Univisin_Edicin_Digital.txt.mp4.daedalus_vrt
Processing file: videos/txt/2020-12/2020-12-24/2020-12-24_0400_US_KMEX_Noticiero_Univisión.txt
Correcting spelling and Generating spacy doc...
Error processing file: videos/txt/2020-12/2020-12-24/2020-12-24_0400_US_KMEX_Noticiero_Univisión.txt
Processing file: videos/txt/2020-12/2020-12-20/2020-12-20_1030_US_KMEX_Noticiero_Univisión_Fin_de_Semana.txt
Correcting spelling and Generating spacy doc...
Error processing file: videos/txt/2020-12/2020-12-20/2020-12-20_1030_US_KMEX_Noticiero_Univisión_Fin_de_Semana.txt
Skipping file: videos/txt/2020-12/2020-12-20/2020-12-20_0356_ES_La-1_El_tiempo.txt.mp4.daedalus_vrt
Processing file: videos/txt/2020-12/2020-12-20/2020-12-20_1900_ES_24h_Noticias_24h.txt
Correcting spelling and Generating spacy doc...
Error processing file: videos/txt/2020-12/2020-12-20/2020-12-20_1900_ES_24h_Noticias_24h.txt
Processing file: videos/txt/2020-12/2020-12-20/2020-12-20_2330_US_KMEX_Noticiero_Univisión_Fin_de_Semana.txt
Correcting spelling and Generating spacy doc...
Error processing file: videos/txt/2020-12/2020-12-20/2020-12-20_2330_US_KMEX_Noticiero_Univisión_Fin_de_Semana.txt
Skipping file: videos/txt/2020-12/2020-12-20/2020-12-20_2151_ES_La-1_El_tiempo.txt.mp4.daedalus_vrt
Processing file: videos/txt/2020-12/2020-12-20/2020-12-20_0830_ES_24h_TD_Internacional_24H.txt
Correcting spelling and Generating spacy doc...
Error processing file: videos/txt/2020-12/2020-12-20/2020-12-20_0830_ES_24h_TD_Internacional_24H.txt
Processing file: videos/txt/2020-12/2020-12-20/2020-12-20_0356_ES_La-1_El_tiempo.txt
Correcting spelling and Generating spacy doc...
Error processing file: videos/txt/2020-12/2020-12-20/2020-12-20_0356_ES_La-1_El_tiempo.txt
Processing file: videos/txt/2020-12/2020-12-20/2020-12-20_0300_ES_La-1_Telediario_2.txt
Correcting spelling and Generating spacy doc...
Error processing file: videos/txt/2020-12/2020-12-20/2020-12-20_0300_ES_La-1_Telediario_2.txt
Skipping file: videos/txt/2020-12/2020-12-20/2020-12-20_1030_US_KMEX_Noticiero_Univisin_Fin_de_Semana.txt.mp4.daedalus_vrt
Skipping file: videos/txt/2020-12/2020-12-20/2020-12-20_0300_ES_24h_Telediario_2a_Edicin.txt.mp4.daedalus_vrt
Skipping file: videos/txt/2020-12/2020-12-20/2020-12-20_0830_ES_24h_TD_Internacional_24H.txt.mp4.daedalus_vrt
Processing file: videos/txt/2020-12/2020-12-20/2020-12-20_1600_US_KMEX_Aquí_y_ahora.txt
Correcting spelling and Generating spacy doc...
Error processing file: videos/txt/2020-12/2020-12-20/2020-12-20_1600_US_KMEX_Aquí_y_ahora.txt
Skipping file: videos/txt/2020-12/2020-12-20/2020-12-20_0600_US_KMEX_Noticiero_Univisin_Fin_de_Semana.txt.mp4.daedalus_vrt
Skipping file: videos/txt/2020-12/2020-12-20/2020-12-20_0800_ES_24h_TD_Internacional_24H.txt.mp4.daedalus_vrt
Processing file: videos/txt/2020-12/2020-12-20/2020-12-20_2151_ES_La-1_El_tiempo.txt
Correcting spelling and Generating spacy doc...
Error processing file: videos/txt/2020-12/2020-12-20/2020-12-20_2151_ES_La-1_El_tiempo.txt
Processing file: videos/txt/2020-12/2020-12-20/2020-12-20_0300_ES_24h_Telediario_2a_Edición.txt
Correcting spelling and Generating spacy doc...
Error processing file: videos/txt/2020-12/2020-12-20/2020-12-20_0300_ES_24h_Telediario_2a_Edición.txt
Skipping file: videos/txt/2020-12/2020-12-20/2020-12-20_1600_US_KMEX_Aqu_y_ahora.txt.mp4.daedalus_vrt
Skipping file: videos/txt/2020-12/2020-12-20/2020-12-20_2330_US_KMEX_Noticiero_Univisin_Fin_de_Semana.txt.mp4.daedalus_vrt
Processing file: videos/txt/2020-12/2020-12-20/2020-12-20_0600_US_KMEX_Noticiero_Univisión_Fin_de_Semana.txt
Correcting spelling and Generating spacy doc...
Error processing file: videos/txt/2020-12/2020-12-20/2020-12-20_0600_US_KMEX_Noticiero_Univisión_Fin_de_Semana.txt
Skipping file: videos/txt/2020-12/2020-12-20/2020-12-20_1900_ES_24h_Noticias_24h.txt.mp4.daedalus_vrt
Processing file: videos/txt/2020-12/2020-12-20/2020-12-20_0800_ES_24h_TD_Internacional_24H.txt
Correcting spelling and Generating spacy doc...
Error processing file: videos/txt/2020-12/2020-12-20/2020-12-20_0800_ES_24h_TD_Internacional_24H.txt
Skipping file: videos/txt/2020-12/2020-12-20/2020-12-20_0300_ES_La-1_Telediario_2.txt.mp4.daedalus_vrt
Skipping file: videos/txt/2020-12/2020-12-29/2020-12-29_0300_ES_24h_Telediario_2a_Edicin.txt.mp4.daedalus_vrt
Processing file: videos/txt/2020-12/2020-12-29/2020-12-29_0400_US_KMEX_Noticiero_Univisión.txt
Correcting spelling and Generating spacy doc...
Error processing file: videos/txt/2020-12/2020-12-29/2020-12-29_0400_US_KMEX_Noticiero_Univisión.txt
Processing file: videos/txt/2020-12/2020-12-29/2020-12-29_0352_ES_La-1_El_tiempo.txt
Correcting spelling and Generating spacy doc...
Error processing file: videos/txt/2020-12/2020-12-29/2020-12-29_0352_ES_La-1_El_tiempo.txt
Processing file: videos/txt/2020-12/2020-12-29/2020-12-29_0300_ES_24h_Telediario_2a_Edición.txt
Correcting spelling and Generating spacy doc...
Error processing file: videos/txt/2020-12/2020-12-29/2020-12-29_0300_ES_24h_Telediario_2a_Edición.txt
Processing file: videos/txt/2020-12/2020-12-29/2020-12-29_0405_ES_24h_La_noche_en_24_horas.txt
Correcting spelling and Generating spacy doc...
Error processing file: videos/txt/2020-12/2020-12-29/2020-12-29_0405_ES_24h_La_noche_en_24_horas.txt
Processing file: videos/txt/2020-12/2020-12-29/2020-12-29_2300_US_KMEX_Noticiero_Univisión_Edición_Digital.txt
Correcting spelling and Generating spacy doc...
Error processing file: videos/txt/2020-12/2020-12-29/2020-12-29_2300_US_KMEX_Noticiero_Univisión_Edición_Digital.txt
Skipping file: videos/txt/2020-12/2020-12-29/2020-12-29_0400_US_KMEX_Noticiero_Univisin.txt.mp4.daedalus_vrt
Processing file: videos/txt/2020-12/2020-12-29/2020-12-29_0800_ES_24h_TD_Internacional_24H.txt
Correcting spelling and Generating spacy doc...
Error processing file: videos/txt/2020-12/2020-12-29/2020-12-29_0800_ES_24h_TD_Internacional_24H.txt
Processing file: videos/txt/2020-12/2020-12-29/2020-12-29_0830_ES_24h_TD_Internacional_24H.txt
Correcting spelling and Generating spacy doc...
Error processing file: videos/txt/2020-12/2020-12-29/2020-12-29_0830_ES_24h_TD_Internacional_24H.txt
Processing file: videos/txt/2020-12/2020-12-29/2020-12-29_2330_US_KMEX_Noticiero_Univisión.txt
Correcting spelling and Generating spacy doc...
Error processing file: videos/txt/2020-12/2020-12-29/2020-12-29_2330_US_KMEX_Noticiero_Univisión.txt
Skipping file: videos/txt/2020-12/2020-12-29/2020-12-29_0352_ES_La-1_El_tiempo.txt.mp4.daedalus_vrt
Skipping file: videos/txt/2020-12/2020-12-29/2020-12-29_2300_US_KMEX_Noticiero_Univisin_Edicin_Digital.txt.mp4.daedalus_vrt
Skipping file: videos/txt/2020-12/2020-12-29/2020-12-29_2330_US_KMEX_Noticiero_Univisin.txt.mp4.daedalus_vrt
Processing file: videos/txt/2020-12/2020-12-29/2020-12-29_1700_US_KMEX_Noticiero_Univisión_Edición_Digital.txt
Correcting spelling and Generating spacy doc...
Error processing file: videos/txt/2020-12/2020-12-29/2020-12-29_1700_US_KMEX_Noticiero_Univisión_Edición_Digital.txt
Skipping file: videos/txt/2020-12/2020-12-29/2020-12-29_1700_US_KMEX_Noticiero_Univisin_Edicin_Digital.txt.mp4.daedalus_vrt
Skipping file: videos/txt/2020-12/2020-12-29/2020-12-29_0405_ES_24h_La_noche_en_24_horas.txt.mp4.daedalus_vrt
Skipping file: videos/txt/2020-12/2020-12-29/2020-12-29_0830_ES_24h_TD_Internacional_24H.txt.mp4.daedalus_vrt
Skipping file: videos/txt/2020-12/2020-12-29/2020-12-29_0800_ES_24h_TD_Internacional_24H.txt.mp4.daedalus_vrt
Skipping file: videos/txt/2020-12/2020-12-06/2020-12-06_1600_US_KMEX_Aqu_y_ahora.txt.mp4.daedalus_vrt
Skipping file: videos/txt/2020-12/2020-12-06/2020-12-06_0530_US_KMEX_Noticiero_Univisin_Fin_de_Semana.txt.mp4.daedalus_vrt
Processing file: videos/txt/2020-12/2020-12-06/2020-12-06_0530_US_KMEX_Noticiero_Univisión_Fin_de_Semana.txt
Correcting spelling and Generating spacy doc...
Error processing file: videos/txt/2020-12/2020-12-06/2020-12-06_0530_US_KMEX_Noticiero_Univisión_Fin_de_Semana.txt
Skipping file: videos/txt/2020-12/2020-12-06/2020-12-06_0830_ES_24h_TD_Internacional_24H.txt.mp4.daedalus_vrt
Skipping file: videos/txt/2020-12/2020-12-06/2020-12-06_0800_ES_24h_TD_Internacional_24H.txt.mp4.daedalus_vrt
Skipping file: videos/txt/2020-12/2020-12-06/2020-12-06_2152_ES_La-1_El_tiempo.txt.mp4.daedalus_vrt
Processing file: videos/txt/2020-12/2020-12-06/2020-12-06_0800_ES_24h_TD_Internacional_24H.txt
Correcting spelling and Generating spacy doc...
Error processing file: videos/txt/2020-12/2020-12-06/2020-12-06_0800_ES_24h_TD_Internacional_24H.txt
Processing file: videos/txt/2020-12/2020-12-06/2020-12-06_0830_ES_24h_TD_Internacional_24H.txt
Correcting spelling and Generating spacy doc...
Error processing file: videos/txt/2020-12/2020-12-06/2020-12-06_0830_ES_24h_TD_Internacional_24H.txt
Processing file: videos/txt/2020-12/2020-12-06/2020-12-06_0300_ES_24h_Telediario_2a_Edición.txt
Correcting spelling and Generating spacy doc...
Error processing file: videos/txt/2020-12/2020-12-06/2020-12-06_0300_ES_24h_Telediario_2a_Edición.txt
Skipping file: videos/txt/2020-12/2020-12-06/2020-12-06_1030_US_KMEX_Noticiero_Univisin_Fin_de_Semana.txt.mp4.daedalus_vrt
Processing file: videos/txt/2020-12/2020-12-06/2020-12-06_1900_ES_24h_Noticias_24h.txt
Correcting spelling and Generating spacy doc...
Error processing file: videos/txt/2020-12/2020-12-06/2020-12-06_1900_ES_24h_Noticias_24h.txt
Skipping file: videos/txt/2020-12/2020-12-06/2020-12-06_0300_ES_24h_Telediario_2a_Edicin.txt.mp4.daedalus_vrt
Processing file: videos/txt/2020-12/2020-12-06/2020-12-06_2152_ES_La-1_El_tiempo.txt
Correcting spelling and Generating spacy doc...
Error processing file: videos/txt/2020-12/2020-12-06/2020-12-06_2152_ES_La-1_El_tiempo.txt
Skipping file: videos/txt/2020-12/2020-12-06/2020-12-06_2330_US_KMEX_Noticiero_Univisin_Fin_de_Semana.txt.mp4.daedalus_vrt
Skipping file: videos/txt/2020-12/2020-12-06/2020-12-06_1900_ES_24h_Noticias_24h.txt.mp4.daedalus_vrt
Processing file: videos/txt/2020-12/2020-12-06/2020-12-06_1600_US_KMEX_Aquí_y_ahora.txt
Correcting spelling and Generating spacy doc...
Error processing file: videos/txt/2020-12/2020-12-06/2020-12-06_1600_US_KMEX_Aquí_y_ahora.txt
Processing file: videos/txt/2020-12/2020-12-06/2020-12-06_2330_US_KMEX_Noticiero_Univisión_Fin_de_Semana.txt
Correcting spelling and Generating spacy doc...
Error processing file: videos/txt/2020-12/2020-12-06/2020-12-06_2330_US_KMEX_Noticiero_Univisión_Fin_de_Semana.txt
Processing file: videos/txt/2020-12/2020-12-06/2020-12-06_1030_US_KMEX_Noticiero_Univisión_Fin_de_Semana.txt
Correcting spelling and Generating spacy doc...
Error processing file: videos/txt/2020-12/2020-12-06/2020-12-06_1030_US_KMEX_Noticiero_Univisión_Fin_de_Semana.txt
Processing file: videos/txt/2020-12/2020-12-23/2020-12-23_1700_US_KMEX_Noticiero_Univisión_Edición_Digital.txt
Correcting spelling and Generating spacy doc...
Error processing file: videos/txt/2020-12/2020-12-23/2020-12-23_1700_US_KMEX_Noticiero_Univisión_Edición_Digital.txt
Skipping file: videos/txt/2020-12/2020-12-23/2020-12-23_2300_US_KMEX_Noticiero_Univisin_Edicin_Digital.txt.mp4.daedalus_vrt
Processing file: videos/txt/2020-12/2020-12-23/2020-12-23_0400_ES_24h_La_noche_en_24_horas.txt
Correcting spelling and Generating spacy doc...
Error processing file: videos/txt/2020-12/2020-12-23/2020-12-23_0400_ES_24h_La_noche_en_24_horas.txt
Skipping file: videos/txt/2020-12/2020-12-23/2020-12-23_0300_ES_24h_Telediario_2a_Edicin.txt.mp4.daedalus_vrt
Skipping file: videos/txt/2020-12/2020-12-23/2020-12-23_0400_ES_24h_La_noche_en_24_horas.txt.mp4.daedalus_vrt
Processing file: videos/txt/2020-12/2020-12-23/2020-12-23_0400_US_KMEX_Noticiero_Univisión.txt
Correcting spelling and Generating spacy doc...
Error processing file: videos/txt/2020-12/2020-12-23/2020-12-23_0400_US_KMEX_Noticiero_Univisión.txt
Skipping file: videos/txt/2020-12/2020-12-23/2020-12-23_0400_US_KMEX_Noticiero_Univisin.txt.mp4.daedalus_vrt
Processing file: videos/txt/2020-12/2020-12-23/2020-12-23_2300_US_KMEX_Noticiero_Univisión_Edición_Digital.txt
Correcting spelling and Generating spacy doc...
Error processing file: videos/txt/2020-12/2020-12-23/2020-12-23_2300_US_KMEX_Noticiero_Univisión_Edición_Digital.txt
Skipping file: videos/txt/2020-12/2020-12-23/2020-12-23_1700_US_KMEX_Noticiero_Univisin_Edicin_Digital.txt.mp4.daedalus_vrt
Skipping file: videos/txt/2020-12/2020-12-23/2020-12-23_2330_US_KMEX_Noticiero_Univisin.txt.mp4.daedalus_vrt
Processing file: videos/txt/2020-12/2020-12-23/2020-12-23_2330_US_KMEX_Noticiero_Univisión.txt
Correcting spelling and Generating spacy doc...
Error processing file: videos/txt/2020-12/2020-12-23/2020-12-23_2330_US_KMEX_Noticiero_Univisión.txt
Processing file: videos/txt/2020-12/2020-12-23/2020-12-23_0300_ES_24h_Telediario_2a_Edición.txt
Correcting spelling and Generating spacy doc...
Error processing file: videos/txt/2020-12/2020-12-23/2020-12-23_0300_ES_24h_Telediario_2a_Edición.txt
Processing file: videos/txt/2020-12/2020-12-10/2020-12-10_2215_ES_La-1_El_tiempo.txt
Correcting spelling and Generating spacy doc...
Error processing file: videos/txt/2020-12/2020-12-10/2020-12-10_2215_ES_La-1_El_tiempo.txt
Processing file: videos/txt/2020-12/2020-12-10/2020-12-10_0300_ES_24h_Telediario_2a_Edición.txt
Correcting spelling and Generating spacy doc...
Error processing file: videos/txt/2020-12/2020-12-10/2020-12-10_0300_ES_24h_Telediario_2a_Edición.txt
Skipping file: videos/txt/2020-12/2020-12-10/2020-12-10_0400_US_KMEX_Noticiero_Univisin.txt.mp4.daedalus_vrt
Processing file: videos/txt/2020-12/2020-12-10/2020-12-10_2100_ES_La-1_Telediario_1.txt
Correcting spelling and Generating spacy doc...
Error processing file: videos/txt/2020-12/2020-12-10/2020-12-10_2100_ES_La-1_Telediario_1.txt
Processing file: videos/txt/2020-12/2020-12-10/2020-12-10_2330_US_KMEX_Noticiero_Univisión.txt
Correcting spelling and Generating spacy doc...
Error processing file: videos/txt/2020-12/2020-12-10/2020-12-10_2330_US_KMEX_Noticiero_Univisión.txt
Skipping file: videos/txt/2020-12/2020-12-10/2020-12-10_2100_ES_La-1_Telediario_1.txt.mp4.daedalus_vrt
Processing file: videos/txt/2020-12/2020-12-10/2020-12-10_0300_ES_La-1_Telediario_2.txt
Correcting spelling and Generating spacy doc...
Error processing file: videos/txt/2020-12/2020-12-10/2020-12-10_0300_ES_La-1_Telediario_2.txt
Skipping file: videos/txt/2020-12/2020-12-10/2020-12-10_0300_ES_24h_Telediario_2a_Edicin.txt.mp4.daedalus_vrt
Skipping file: videos/txt/2020-12/2020-12-10/2020-12-10_1700_US_KMEX_Noticiero_Univisin_Edicin_Digital.txt.mp4.daedalus_vrt
Processing file: videos/txt/2020-12/2020-12-10/2020-12-10_0405_ES_24h_La_noche_en_24_horas.txt
Correcting spelling and Generating spacy doc...
Error processing file: videos/txt/2020-12/2020-12-10/2020-12-10_0405_ES_24h_La_noche_en_24_horas.txt
Skipping file: videos/txt/2020-12/2020-12-10/2020-12-10_0405_ES_24h_La_noche_en_24_horas.txt.mp4.daedalus_vrt
Skipping file: videos/txt/2020-12/2020-12-10/2020-12-10_2215_ES_La-1_El_tiempo.txt.mp4.daedalus_vrt
Skipping file: videos/txt/2020-12/2020-12-10/2020-12-10_0300_ES_La-1_Telediario_2.txt.mp4.daedalus_vrt
Processing file: videos/txt/2020-12/2020-12-10/2020-12-10_1700_US_KMEX_Noticiero_Univisión_Edición_Digital.txt
Correcting spelling and Generating spacy doc...
Error processing file: videos/txt/2020-12/2020-12-10/2020-12-10_1700_US_KMEX_Noticiero_Univisión_Edición_Digital.txt
Skipping file: videos/txt/2020-12/2020-12-10/2020-12-10_0352_ES_La-1_El_tiempo.txt.mp4.daedalus_vrt
Skipping file: videos/txt/2020-12/2020-12-10/2020-12-10_2330_US_KMEX_Noticiero_Univisin.txt.mp4.daedalus_vrt
Skipping file: videos/txt/2020-12/2020-12-10/2020-12-10_2300_US_KMEX_Noticiero_Univisin_Edicin_Digital.txt.mp4.daedalus_vrt
Processing file: videos/txt/2020-12/2020-12-10/2020-12-10_2300_US_KMEX_Noticiero_Univisión_Edición_Digital.txt
Correcting spelling and Generating spacy doc...
Error processing file: videos/txt/2020-12/2020-12-10/2020-12-10_2300_US_KMEX_Noticiero_Univisión_Edición_Digital.txt
Processing file: videos/txt/2020-12/2020-12-10/2020-12-10_0400_US_KMEX_Noticiero_Univisión.txt
Correcting spelling and Generating spacy doc...
Error processing file: videos/txt/2020-12/2020-12-10/2020-12-10_0400_US_KMEX_Noticiero_Univisión.txt
Processing file: videos/txt/2020-12/2020-12-10/2020-12-10_0352_ES_La-1_El_tiempo.txt
Correcting spelling and Generating spacy doc...
Error processing file: videos/txt/2020-12/2020-12-10/2020-12-10_0352_ES_La-1_El_tiempo.txt
Processing file: videos/txt/2020-12/2020-12-22/2020-12-22_0400_US_KMEX_Noticiero_Univisión.txt
Correcting spelling and Generating spacy doc...
Error processing file: videos/txt/2020-12/2020-12-22/2020-12-22_0400_US_KMEX_Noticiero_Univisión.txt
Processing file: videos/txt/2020-12/2020-12-22/2020-12-22_0300_ES_24h_Telediario_2a_Edición.txt
Correcting spelling and Generating spacy doc...
Error processing file: videos/txt/2020-12/2020-12-22/2020-12-22_0300_ES_24h_Telediario_2a_Edición.txt
Skipping file: videos/txt/2020-12/2020-12-22/2020-12-22_0400_US_KMEX_Noticiero_Univisin.txt.mp4.daedalus_vrt
Skipping file: videos/txt/2020-12/2020-12-22/2020-12-22_0405_ES_24h_La_noche_en_24_horas.txt.mp4.daedalus_vrt
Skipping file: videos/txt/2020-12/2020-12-22/2020-12-22_2330_US_KMEX_Noticiero_Univisin.txt.mp4.daedalus_vrt
Processing file: videos/txt/2020-12/2020-12-22/2020-12-22_2330_US_KMEX_Noticiero_Univisión.txt
Correcting spelling and Generating spacy doc...
Error processing file: videos/txt/2020-12/2020-12-22/2020-12-22_2330_US_KMEX_Noticiero_Univisión.txt
Skipping file: videos/txt/2020-12/2020-12-22/2020-12-22_1700_US_KMEX_Noticiero_Univisin_Edicin_Digital.txt.mp4.daedalus_vrt
Processing file: videos/txt/2020-12/2020-12-22/2020-12-22_2300_US_KMEX_Noticiero_Univisión_Edición_Digital.txt
Correcting spelling and Generating spacy doc...
Error processing file: videos/txt/2020-12/2020-12-22/2020-12-22_2300_US_KMEX_Noticiero_Univisión_Edición_Digital.txt
Processing file: videos/txt/2020-12/2020-12-22/2020-12-22_0405_ES_24h_La_noche_en_24_horas.txt
Error processing file: videos/txt/2020-12/2020-12-22/2020-12-22_0405_ES_24h_La_noche_en_24_horas.txt
Skipping file: videos/txt/2020-12/2020-12-22/2020-12-22_2300_US_KMEX_Noticiero_Univisin_Edicin_Digital.txt.mp4.daedalus_vrt
Processing file: videos/txt/2020-12/2020-12-22/2020-12-22_1700_US_KMEX_Noticiero_Univisión_Edición_Digital.txt
Correcting spelling and Generating spacy doc...
Error processing file: videos/txt/2020-12/2020-12-22/2020-12-22_1700_US_KMEX_Noticiero_Univisión_Edición_Digital.txt
Skipping file: videos/txt/2020-12/2020-12-22/2020-12-22_0300_ES_24h_Telediario_2a_Edicin.txt.mp4.daedalus_vrt
Skipping file: videos/txt/2020-12/2020-12-14/2020-12-14_1700_US_KMEX_Noticiero_Univisin_Edicin_Digital.txt.mp4.daedalus_vrt
Skipping file: videos/txt/2020-12/2020-12-14/2020-12-14_0000_US_KMEX_Aqu_y_ahora.txt.mp4.daedalus_vrt
Processing file: videos/txt/2020-12/2020-12-14/2020-12-14_0000_US_KMEX_Aquí_y_ahora.txt
Correcting spelling and Generating spacy doc...
Error processing file: videos/txt/2020-12/2020-12-14/2020-12-14_0000_US_KMEX_Aquí_y_ahora.txt
Processing file: videos/txt/2020-12/2020-12-14/2020-12-14_1700_US_KMEX_Noticiero_Univisión_Edición_Digital.txt
Correcting spelling and Generating spacy doc...
Error processing file: videos/txt/2020-12/2020-12-14/2020-12-14_1700_US_KMEX_Noticiero_Univisión_Edición_Digital.txt
Processing file: videos/txt/2020-12/2020-12-14/2020-12-14_0630_US_KMEX_Noticiero_Univisión_Fin_de_Semana.txt
Correcting spelling and Generating spacy doc...
Error processing file: videos/txt/2020-12/2020-12-14/2020-12-14_0630_US_KMEX_Noticiero_Univisión_Fin_de_Semana.txt
Processing file: videos/txt/2020-12/2020-12-14/2020-12-14_1030_US_KMEX_Noticiero_Univisión_Fin_de_Semana.txt
Correcting spelling and Generating spacy doc...
Error processing file: videos/txt/2020-12/2020-12-14/2020-12-14_1030_US_KMEX_Noticiero_Univisión_Fin_de_Semana.txt
Skipping file: videos/txt/2020-12/2020-12-14/2020-12-14_2330_US_KMEX_Noticiero_Univisin.txt.mp4.daedalus_vrt
Skipping file: videos/txt/2020-12/2020-12-14/2020-12-14_0630_US_KMEX_Noticiero_Univisin_Fin_de_Semana.txt.mp4.daedalus_vrt
Processing file: videos/txt/2020-12/2020-12-14/2020-12-14_2300_US_KMEX_Noticiero_Univisión_Edición_Digital.txt
Correcting spelling and Generating spacy doc...
Error processing file: videos/txt/2020-12/2020-12-14/2020-12-14_2300_US_KMEX_Noticiero_Univisión_Edición_Digital.txt
Processing file: videos/txt/2020-12/2020-12-14/2020-12-14_2330_US_KMEX_Noticiero_Univisión.txt
Correcting spelling and Generating spacy doc...
Error processing file: videos/txt/2020-12/2020-12-14/2020-12-14_2330_US_KMEX_Noticiero_Univisión.txt
Skipping file: videos/txt/2020-12/2020-12-14/2020-12-14_2300_US_KMEX_Noticiero_Univisin_Edicin_Digital.txt.mp4.daedalus_vrt
Skipping file: videos/txt/2020-12/2020-12-14/2020-12-14_1030_US_KMEX_Noticiero_Univisin_Fin_de_Semana.txt.mp4.daedalus_vrt
Processing file: videos/txt/2020-12/2020-12-26/2020-12-26_2330_US_KMEX_Noticiero_Univisión_Fin_de_Semana.txt
Correcting spelling and Generating spacy doc...
Error processing file: videos/txt/2020-12/2020-12-26/2020-12-26_2330_US_KMEX_Noticiero_Univisión_Fin_de_Semana.txt
Processing file: videos/txt/2020-12/2020-12-26/2020-12-26_0830_ES_24h_TD_Internacional_24H.txt
Correcting spelling and Generating spacy doc...
Error processing file: videos/txt/2020-12/2020-12-26/2020-12-26_0830_ES_24h_TD_Internacional_24H.txt
Skipping file: videos/txt/2020-12/2020-12-26/2020-12-26_0300_ES_24h_Telediario_2a_Edicin.txt.mp4.daedalus_vrt
Skipping file: videos/txt/2020-12/2020-12-26/2020-12-26_0830_ES_24h_TD_Internacional_24H.txt.mp4.daedalus_vrt
Skipping file: videos/txt/2020-12/2020-12-26/2020-12-26_0400_US_KMEX_Noticiero_Univisin.txt.mp4.daedalus_vrt
Processing file: videos/txt/2020-12/2020-12-26/2020-12-26_1900_ES_24h_Noticias_24h.txt
Correcting spelling and Generating spacy doc...
Error processing file: videos/txt/2020-12/2020-12-26/2020-12-26_1900_ES_24h_Noticias_24h.txt
Processing file: videos/txt/2020-12/2020-12-26/2020-12-26_0300_ES_24h_Telediario_2a_Edición.txt
Correcting spelling and Generating spacy doc...
Error processing file: videos/txt/2020-12/2020-12-26/2020-12-26_0300_ES_24h_Telediario_2a_Edición.txt
Skipping file: videos/txt/2020-12/2020-12-26/2020-12-26_1900_ES_24h_Noticias_24h.txt.mp4.daedalus_vrt
Skipping file: videos/txt/2020-12/2020-12-26/2020-12-26_2330_US_KMEX_Noticiero_Univisin_Fin_de_Semana.txt.mp4.daedalus_vrt
Processing file: videos/txt/2020-12/2020-12-26/2020-12-26_0400_US_KMEX_Noticiero_Univisión.txt
Correcting spelling and Generating spacy doc...
Error processing file: videos/txt/2020-12/2020-12-26/2020-12-26_0400_US_KMEX_Noticiero_Univisión.txt
Processing file: videos/txt/2020-12/2020-12-18/2020-12-18_2215_ES_La-1_El_tiempo.txt
Correcting spelling and Generating spacy doc...
Error processing file: videos/txt/2020-12/2020-12-18/2020-12-18_2215_ES_La-1_El_tiempo.txt
Processing file: videos/txt/2020-12/2020-12-18/2020-12-18_0300_ES_24h_Telediario_2a_Edición.txt
Correcting spelling and Generating spacy doc...
Error processing file: videos/txt/2020-12/2020-12-18/2020-12-18_0300_ES_24h_Telediario_2a_Edición.txt
Processing file: videos/txt/2020-12/2020-12-18/2020-12-18_0830_ES_24h_TD_Internacional_24H.txt
Correcting spelling and Generating spacy doc...
Error processing file: videos/txt/2020-12/2020-12-18/2020-12-18_0830_ES_24h_TD_Internacional_24H.txt
Skipping file: videos/txt/2020-12/2020-12-18/2020-12-18_1700_US_KMEX_Noticiero_Univisin_Edicin_Digital.txt.mp4.daedalus_vrt
Processing file: videos/txt/2020-12/2020-12-18/2020-12-18_0405_ES_24h_La_noche_en_24_horas.txt
Correcting spelling and Generating spacy doc...
Error processing file: videos/txt/2020-12/2020-12-18/2020-12-18_0405_ES_24h_La_noche_en_24_horas.txt
Skipping file: videos/txt/2020-12/2020-12-18/2020-12-18_2100_ES_La-1_Telediario_1.txt.mp4.daedalus_vrt
Skipping file: videos/txt/2020-12/2020-12-18/2020-12-18_0400_US_KMEX_Noticiero_Univisin.txt.mp4.daedalus_vrt
Processing file: videos/txt/2020-12/2020-12-18/2020-12-18_2300_US_KMEX_Noticiero_Univisión_Edición_Digital.txt
Correcting spelling and Generating spacy doc...
Error processing file: videos/txt/2020-12/2020-12-18/2020-12-18_2300_US_KMEX_Noticiero_Univisión_Edición_Digital.txt
Processing file: videos/txt/2020-12/2020-12-18/2020-12-18_0400_US_KMEX_Noticiero_Univisión.txt
Correcting spelling and Generating spacy doc...
Error processing file: videos/txt/2020-12/2020-12-18/2020-12-18_0400_US_KMEX_Noticiero_Univisión.txt
Skipping file: videos/txt/2020-12/2020-12-18/2020-12-18_0405_ES_24h_La_noche_en_24_horas.txt.mp4.daedalus_vrt
Skipping file: videos/txt/2020-12/2020-12-18/2020-12-18_2300_US_KMEX_Noticiero_Univisin_Edicin_Digital.txt.mp4.daedalus_vrt
Skipping file: videos/txt/2020-12/2020-12-18/2020-12-18_2215_ES_La-1_El_tiempo.txt.mp4.daedalus_vrt
Skipping file: videos/txt/2020-12/2020-12-18/2020-12-18_0300_ES_24h_Telediario_2a_Edicin.txt.mp4.daedalus_vrt
Processing file: videos/txt/2020-12/2020-12-18/2020-12-18_1700_US_KMEX_Noticiero_Univisión_Edición_Digital.txt
Correcting spelling and Generating spacy doc...
Error processing file: videos/txt/2020-12/2020-12-18/2020-12-18_1700_US_KMEX_Noticiero_Univisión_Edición_Digital.txt
Skipping file: videos/txt/2020-12/2020-12-18/2020-12-18_0830_ES_24h_TD_Internacional_24H.txt.mp4.daedalus_vrt
Skipping file: videos/txt/2020-12/2020-12-18/2020-12-18_2330_US_KMEX_Noticiero_Univisin.txt.mp4.daedalus_vrt
Processing file: videos/txt/2020-12/2020-12-18/2020-12-18_2100_ES_La-1_Telediario_1.txt
Correcting spelling and Generating spacy doc...
Error processing file: videos/txt/2020-12/2020-12-18/2020-12-18_2100_ES_La-1_Telediario_1.txt
Processing file: videos/txt/2020-12/2020-12-18/2020-12-18_2330_US_KMEX_Noticiero_Univisión.txt
Correcting spelling and Generating spacy doc...
Error processing file: videos/txt/2020-12/2020-12-18/2020-12-18_2330_US_KMEX_Noticiero_Univisión.txt
Processing file: videos/txt/2020-12/2020-12-01/2020-12-01_0800_ES_24h_TD_Internacional_24H.txt
Correcting spelling and Generating spacy doc...
Error processing file: videos/txt/2020-12/2020-12-01/2020-12-01_0800_ES_24h_TD_Internacional_24H.txt
Processing file: videos/txt/2020-12/2020-12-01/2020-12-01_0405_ES_24h_La_noche_en_24_horas.txt
Correcting spelling and Generating spacy doc...
Error processing file: videos/txt/2020-12/2020-12-01/2020-12-01_0405_ES_24h_La_noche_en_24_horas.txt
Skipping file: videos/txt/2020-12/2020-12-01/2020-12-01_0800_ES_24h_TD_Internacional_24H.txt.mp4.daedalus_vrt
Processing file: videos/txt/2020-12/2020-12-01/2020-12-01_0352_ES_La-1_El_tiempo.txt
Correcting spelling and Generating spacy doc...
Error processing file: videos/txt/2020-12/2020-12-01/2020-12-01_0352_ES_La-1_El_tiempo.txt
Skipping file: videos/txt/2020-12/2020-12-01/2020-12-01_0405_ES_24h_La_noche_en_24_horas.txt.mp4.daedalus_vrt
Skipping file: videos/txt/2020-12/2020-12-01/2020-12-01_0352_ES_La-1_El_tiempo.txt.mp4.daedalus_vrt
Skipping file: videos/txt/2020-12/2020-12-01/2020-12-01_0300_ES_24h_Telediario_2a_Edicin.txt.mp4.daedalus_vrt
Processing file: videos/txt/2020-12/2020-12-01/2020-12-01_2300_US_KMEX_Noticiero_Univisión_Edición_Digital.txt
Correcting spelling and Generating spacy doc...
Error processing file: videos/txt/2020-12/2020-12-01/2020-12-01_2300_US_KMEX_Noticiero_Univisión_Edición_Digital.txt
Processing file: videos/txt/2020-12/2020-12-01/2020-12-01_2330_US_KMEX_Noticiero_Univisión.txt
Correcting spelling and Generating spacy doc...
Error processing file: videos/txt/2020-12/2020-12-01/2020-12-01_2330_US_KMEX_Noticiero_Univisión.txt
